CRITICAL - 2021-07-02 06:54:35 --> syntax error, unexpected end of file
#0 /Users/naimdahee/Desktop/testapp/system/View/View.php(232): CodeIgniter\View\View->CodeIgniter\View\{closure}()
#1 /Users/naimdahee/Desktop/testapp/system/Common.php(1271): CodeIgniter\View\View->render('welcome_message', Array, true)
#2 /Users/naimdahee/Desktop/testapp/app/Controllers/Home.php(9): view('welcome_message')
#3 /Users/naimdahee/Desktop/testapp/system/CodeIgniter.php(928): App\Controllers\Home->index()
#4 /Users/naimdahee/Desktop/testapp/system/CodeIgniter.php(436): CodeIgniter\CodeIgniter->runController(Object(App\Controllers\Home))
#5 /Users/naimdahee/Desktop/testapp/system/CodeIgniter.php(336): CodeIgniter\CodeIgniter->handleRequest(NULL, Object(Config\Cache), false)
#6 /Users/naimdahee/Desktop/testapp/public/index.php(37): CodeIgniter\CodeIgniter->run()
#7 /Users/naimdahee/Desktop/testapp/system/Commands/Server/rewrite.php(45): require_once('/Users/naimdahe...')
#8 {main}
CRITICAL - 2021-07-02 06:54:37 --> syntax error, unexpected end of file
#0 /Users/naimdahee/Desktop/testapp/system/View/View.php(232): CodeIgniter\View\View->CodeIgniter\View\{closure}()
#1 /Users/naimdahee/Desktop/testapp/system/Common.php(1271): CodeIgniter\View\View->render('welcome_message', Array, true)
#2 /Users/naimdahee/Desktop/testapp/app/Controllers/Home.php(9): view('welcome_message')
#3 /Users/naimdahee/Desktop/testapp/system/CodeIgniter.php(928): App\Controllers\Home->index()
#4 /Users/naimdahee/Desktop/testapp/system/CodeIgniter.php(436): CodeIgniter\CodeIgniter->runController(Object(App\Controllers\Home))
#5 /Users/naimdahee/Desktop/testapp/system/CodeIgniter.php(336): CodeIgniter\CodeIgniter->handleRequest(NULL, Object(Config\Cache), false)
#6 /Users/naimdahee/Desktop/testapp/public/index.php(37): CodeIgniter\CodeIgniter->run()
#7 /Users/naimdahee/Desktop/testapp/system/Commands/Server/rewrite.php(45): require_once('/Users/naimdahe...')
#8 {main}
CRITICAL - 2021-07-02 06:54:55 --> syntax error, unexpected end of file
#0 /Users/naimdahee/Desktop/testapp/system/View/View.php(232): CodeIgniter\View\View->CodeIgniter\View\{closure}()
#1 /Users/naimdahee/Desktop/testapp/system/Common.php(1271): CodeIgniter\View\View->render('welcome_message', Array, true)
#2 /Users/naimdahee/Desktop/testapp/app/Controllers/Home.php(9): view('welcome_message')
#3 /Users/naimdahee/Desktop/testapp/system/CodeIgniter.php(928): App\Controllers\Home->index()
#4 /Users/naimdahee/Desktop/testapp/system/CodeIgniter.php(436): CodeIgniter\CodeIgniter->runController(Object(App\Controllers\Home))
#5 /Users/naimdahee/Desktop/testapp/system/CodeIgniter.php(336): CodeIgniter\CodeIgniter->handleRequest(NULL, Object(Config\Cache), false)
#6 /Users/naimdahee/Desktop/testapp/public/index.php(37): CodeIgniter\CodeIgniter->run()
#7 /Users/naimdahee/Desktop/testapp/system/Commands/Server/rewrite.php(45): require_once('/Users/naimdahe...')
#8 {main}
CRITICAL - 2021-07-02 06:54:59 --> syntax error, unexpected end of file
#0 /Users/naimdahee/Desktop/testapp/system/View/View.php(232): CodeIgniter\View\View->CodeIgniter\View\{closure}()
#1 /Users/naimdahee/Desktop/testapp/system/Common.php(1271): CodeIgniter\View\View->render('welcome_message', Array, true)
#2 /Users/naimdahee/Desktop/testapp/app/Controllers/Home.php(9): view('welcome_message')
#3 /Users/naimdahee/Desktop/testapp/system/CodeIgniter.php(928): App\Controllers\Home->index()
#4 /Users/naimdahee/Desktop/testapp/system/CodeIgniter.php(436): CodeIgniter\CodeIgniter->runController(Object(App\Controllers\Home))
#5 /Users/naimdahee/Desktop/testapp/system/CodeIgniter.php(336): CodeIgniter\CodeIgniter->handleRequest(NULL, Object(Config\Cache), false)
#6 /Users/naimdahee/Desktop/testapp/public/index.php(37): CodeIgniter\CodeIgniter->run()
#7 /Users/naimdahee/Desktop/testapp/system/Commands/Server/rewrite.php(45): require_once('/Users/naimdahe...')
#8 {main}
CRITICAL - 2021-07-02 06:57:24 --> Undefined constant "n"
#0 /Users/naimdahee/Desktop/testapp/system/View/View.php(230): include()
#1 /Users/naimdahee/Desktop/testapp/system/View/View.php(232): CodeIgniter\View\View->CodeIgniter\View\{closure}()
#2 /Users/naimdahee/Desktop/testapp/system/Common.php(1271): CodeIgniter\View\View->render('welcome_message', Array, true)
#3 /Users/naimdahee/Desktop/testapp/app/Controllers/Home.php(9): view('welcome_message')
#4 /Users/naimdahee/Desktop/testapp/system/CodeIgniter.php(928): App\Controllers\Home->index()
#5 /Users/naimdahee/Desktop/testapp/system/CodeIgniter.php(436): CodeIgniter\CodeIgniter->runController(Object(App\Controllers\Home))
#6 /Users/naimdahee/Desktop/testapp/system/CodeIgniter.php(336): CodeIgniter\CodeIgniter->handleRequest(NULL, Object(Config\Cache), false)
#7 /Users/naimdahee/Desktop/testapp/public/index.php(37): CodeIgniter\CodeIgniter->run()
#8 /Users/naimdahee/Desktop/testapp/system/Commands/Server/rewrite.php(45): require_once('/Users/naimdahe...')
#9 {main}
CRITICAL - 2021-07-02 06:57:25 --> Undefined constant "n"
#0 /Users/naimdahee/Desktop/testapp/system/View/View.php(230): include()
#1 /Users/naimdahee/Desktop/testapp/system/View/View.php(232): CodeIgniter\View\View->CodeIgniter\View\{closure}()
#2 /Users/naimdahee/Desktop/testapp/system/Common.php(1271): CodeIgniter\View\View->render('welcome_message', Array, true)
#3 /Users/naimdahee/Desktop/testapp/app/Controllers/Home.php(9): view('welcome_message')
#4 /Users/naimdahee/Desktop/testapp/system/CodeIgniter.php(928): App\Controllers\Home->index()
#5 /Users/naimdahee/Desktop/testapp/system/CodeIgniter.php(436): CodeIgniter\CodeIgniter->runController(Object(App\Controllers\Home))
#6 /Users/naimdahee/Desktop/testapp/system/CodeIgniter.php(336): CodeIgniter\CodeIgniter->handleRequest(NULL, Object(Config\Cache), false)
#7 /Users/naimdahee/Desktop/testapp/public/index.php(37): CodeIgniter\CodeIgniter->run()
#8 /Users/naimdahee/Desktop/testapp/system/Commands/Server/rewrite.php(45): require_once('/Users/naimdahe...')
#9 {main}
CRITICAL - 2021-07-02 06:59:35 --> Undefined constant "n"
#0 /Users/naimdahee/Desktop/testapp/system/View/View.php(230): include()
#1 /Users/naimdahee/Desktop/testapp/system/View/View.php(232): CodeIgniter\View\View->CodeIgniter\View\{closure}()
#2 /Users/naimdahee/Desktop/testapp/system/Common.php(1271): CodeIgniter\View\View->render('welcome_message', Array, true)
#3 /Users/naimdahee/Desktop/testapp/app/Controllers/Home.php(9): view('welcome_message')
#4 /Users/naimdahee/Desktop/testapp/system/CodeIgniter.php(928): App\Controllers\Home->index()
#5 /Users/naimdahee/Desktop/testapp/system/CodeIgniter.php(436): CodeIgniter\CodeIgniter->runController(Object(App\Controllers\Home))
#6 /Users/naimdahee/Desktop/testapp/system/CodeIgniter.php(336): CodeIgniter\CodeIgniter->handleRequest(NULL, Object(Config\Cache), false)
#7 /Users/naimdahee/Desktop/testapp/public/index.php(37): CodeIgniter\CodeIgniter->run()
#8 /Users/naimdahee/Desktop/testapp/system/Commands/Server/rewrite.php(45): require_once('/Users/naimdahe...')
#9 {main}
CRITICAL - 2021-07-02 07:00:46 --> Undefined constant "i"
#0 /Users/naimdahee/Desktop/testapp/system/View/View.php(230): include()
#1 /Users/naimdahee/Desktop/testapp/system/View/View.php(232): CodeIgniter\View\View->CodeIgniter\View\{closure}()
#2 /Users/naimdahee/Desktop/testapp/system/Common.php(1271): CodeIgniter\View\View->render('welcome_message', Array, true)
#3 /Users/naimdahee/Desktop/testapp/app/Controllers/Home.php(9): view('welcome_message')
#4 /Users/naimdahee/Desktop/testapp/system/CodeIgniter.php(928): App\Controllers\Home->index()
#5 /Users/naimdahee/Desktop/testapp/system/CodeIgniter.php(436): CodeIgniter\CodeIgniter->runController(Object(App\Controllers\Home))
#6 /Users/naimdahee/Desktop/testapp/system/CodeIgniter.php(336): CodeIgniter\CodeIgniter->handleRequest(NULL, Object(Config\Cache), false)
#7 /Users/naimdahee/Desktop/testapp/public/index.php(37): CodeIgniter\CodeIgniter->run()
#8 /Users/naimdahee/Desktop/testapp/system/Commands/Server/rewrite.php(45): require_once('/Users/naimdahe...')
#9 {main}
CRITICAL - 2021-07-02 07:14:46 --> Unsupported operand types: int + string
#0 /Users/naimdahee/Desktop/testapp/system/View/View.php(230): include()
#1 /Users/naimdahee/Desktop/testapp/system/View/View.php(232): CodeIgniter\View\View->CodeIgniter\View\{closure}()
#2 /Users/naimdahee/Desktop/testapp/system/Common.php(1271): CodeIgniter\View\View->render('welcome_message', Array, true)
#3 /Users/naimdahee/Desktop/testapp/app/Controllers/Home.php(9): view('welcome_message')
#4 /Users/naimdahee/Desktop/testapp/system/CodeIgniter.php(928): App\Controllers\Home->index()
#5 /Users/naimdahee/Desktop/testapp/system/CodeIgniter.php(436): CodeIgniter\CodeIgniter->runController(Object(App\Controllers\Home))
#6 /Users/naimdahee/Desktop/testapp/system/CodeIgniter.php(336): CodeIgniter\CodeIgniter->handleRequest(NULL, Object(Config\Cache), false)
#7 /Users/naimdahee/Desktop/testapp/public/index.php(37): CodeIgniter\CodeIgniter->run()
#8 /Users/naimdahee/Desktop/testapp/system/Commands/Server/rewrite.php(45): require_once('/Users/naimdahe...')
#9 {main}
CRITICAL - 2021-07-02 08:37:26 --> Undefined variable $fizz_buzz_data
#0 /Users/naimdahee/Desktop/testapp/app/Views/welcome_message.php(11): CodeIgniter\Debug\Exceptions->errorHandler(2, 'Undefined varia...', '/Users/naimdahe...', 11)
#1 /Users/naimdahee/Desktop/testapp/system/View/View.php(230): include('/Users/naimdahe...')
#2 /Users/naimdahee/Desktop/testapp/system/View/View.php(232): CodeIgniter\View\View->CodeIgniter\View\{closure}()
#3 /Users/naimdahee/Desktop/testapp/system/Common.php(1271): CodeIgniter\View\View->render('welcome_message', Array, true)
#4 /Users/naimdahee/Desktop/testapp/app/Controllers/Home.php(10): view('welcome_message', Array)
#5 /Users/naimdahee/Desktop/testapp/system/CodeIgniter.php(928): App\Controllers\Home->index()
#6 /Users/naimdahee/Desktop/testapp/system/CodeIgniter.php(436): CodeIgniter\CodeIgniter->runController(Object(App\Controllers\Home))
#7 /Users/naimdahee/Desktop/testapp/system/CodeIgniter.php(336): CodeIgniter\CodeIgniter->handleRequest(NULL, Object(Config\Cache), false)
#8 /Users/naimdahee/Desktop/testapp/public/index.php(37): CodeIgniter\CodeIgniter->run()
#9 /Users/naimdahee/Desktop/testapp/system/Commands/Server/rewrite.php(45): require_once('/Users/naimdahe...')
#10 {main}
CRITICAL - 2021-07-02 08:37:45 --> Undefined variable $fizz_buzz_data
#0 /Users/naimdahee/Desktop/testapp/app/Views/welcome_message.php(11): CodeIgniter\Debug\Exceptions->errorHandler(2, 'Undefined varia...', '/Users/naimdahe...', 11)
#1 /Users/naimdahee/Desktop/testapp/system/View/View.php(230): include('/Users/naimdahe...')
#2 /Users/naimdahee/Desktop/testapp/system/View/View.php(232): CodeIgniter\View\View->CodeIgniter\View\{closure}()
#3 /Users/naimdahee/Desktop/testapp/system/Common.php(1271): CodeIgniter\View\View->render('welcome_message', Array, true)
#4 /Users/naimdahee/Desktop/testapp/app/Controllers/Home.php(10): view('welcome_message', Array)
#5 /Users/naimdahee/Desktop/testapp/system/CodeIgniter.php(928): App\Controllers\Home->index()
#6 /Users/naimdahee/Desktop/testapp/system/CodeIgniter.php(436): CodeIgniter\CodeIgniter->runController(Object(App\Controllers\Home))
#7 /Users/naimdahee/Desktop/testapp/system/CodeIgniter.php(336): CodeIgniter\CodeIgniter->handleRequest(NULL, Object(Config\Cache), false)
#8 /Users/naimdahee/Desktop/testapp/public/index.php(37): CodeIgniter\CodeIgniter->run()
#9 /Users/naimdahee/Desktop/testapp/system/Commands/Server/rewrite.php(45): require_once('/Users/naimdahe...')
#10 {main}
